2024.06.06 16:01:39 INFO  Started: Metals version 1.3.1 in folders 'D:\program\PLD-project\scalaVer' for client Visual Studio Code 1.89.1.
SLF4J(W): Class path contains multiple SLF4J providers.
SLF4J(W): Found provider [scribe.slf4j.ScribeServiceProvider@663eff1e]
SLF4J(W): Found provider [ch.qos.logback.classic.spi.LogbackServiceProvider@7ad77330]
SLF4J(W): See https://www.slf4j.org/codes.html#multiple_bindings for an explanation.
SLF4J(I): Actual provider is of type [scribe.slf4j.ScribeServiceProvider@663eff1e]
2024.06.06 16:01:39 WARN  Flyway upgrade recommended: H2 2.2.224 is newer than this version of Flyway and support has not been tested. The latest supported version of H2 is 2.2.220.
2024.06.06 16:01:41 INFO  no build target found for D:\program\PLD-project\scalaVer\build.sbt. Using presentation compiler with project's scala-library version: 3.3.3
2024.06.06 16:01:41 INFO  no build target found for D:\program\PLD-project\scalaVer\build.sbt. Using presentation compiler with project's scala-library version: 3.3.3
2024.06.06 16:01:44 INFO  no build target found for D:\program\PLD-project\scalaVer\build.sbt. Using presentation compiler with project's scala-library version: 3.3.3
2024.06.06 16:01:44 INFO  no build target found for D:\program\PLD-project\scalaVer\build.sbt. Using presentation compiler with project's scala-library version: 3.3.3
2024.06.06 16:01:46 WARN  Could not find semantic tokens for: file:///D:/program/PLD-project/scalaVer/build.sbt
2024.06.06 16:01:48 INFO  no build target found for D:\program\PLD-project\scalaVer\build.sbt. Using presentation compiler with project's scala-library version: 3.3.3
2024.06.06 16:01:48 WARN  Could not find semantic tokens for: file:///D:/program/PLD-project/scalaVer/build.sbt
2024.06.06 16:01:59 WARN  no build target for: D:\program\PLD-project\scalaVer\build.sbt
2024.06.06 16:01:59 INFO  no build target found for D:\program\PLD-project\scalaVer\build.sbt. Using presentation compiler with project's scala-library version: 3.3.3
2024.06.06 16:01:59 INFO  no build target found for D:\program\PLD-project\scalaVer\build.sbt. Using presentation compiler with project's scala-library version: 3.3.3
2024.06.06 16:02:00 WARN  Could not find semantic tokens for: file:///D:/program/PLD-project/scalaVer/build.sbt
2024.06.06 16:02:08 INFO  no build target found for D:\program\PLD-project\scalaVer\build.sbt. Using presentation compiler with project's scala-library version: 3.3.3
2024.06.06 16:02:08 INFO  no build target found for D:\program\PLD-project\scalaVer\build.sbt. Using presentation compiler with project's scala-library version: 3.3.3
2024.06.06 16:02:10 INFO  no build target found for D:\program\PLD-project\scalaVer\build.sbt. Using presentation compiler with project's scala-library version: 3.3.3
2024.06.06 16:02:12 INFO  no build target found for D:\program\PLD-project\scalaVer\build.sbt. Using presentation compiler with project's scala-library version: 3.3.3
2024.06.06 16:02:12 WARN  Could not find semantic tokens for: file:///D:/program/PLD-project/scalaVer/build.sbt
2024.06.06 16:02:16 WARN  no build target for: D:\program\PLD-project\scalaVer\build.sbt
2024.06.06 16:02:16 INFO  no build target found for D:\program\PLD-project\scalaVer\build.sbt. Using presentation compiler with project's scala-library version: 3.3.3
2024.06.06 16:02:16 INFO  no build target found for D:\program\PLD-project\scalaVer\build.sbt. Using presentation compiler with project's scala-library version: 3.3.3
2024.06.06 16:02:16 WARN  Could not find semantic tokens for: file:///D:/program/PLD-project/scalaVer/build.sbt
2024.06.06 16:02:39 INFO  no build target found for D:\program\PLD-project\scalaVer\build.sbt. Using presentation compiler with project's scala-library version: 3.3.3
2024.06.06 16:02:41 INFO  no build target found for D:\program\PLD-project\scalaVer\build.sbt. Using presentation compiler with project's scala-library version: 3.3.3
2024.06.06 16:02:41 WARN  Could not find semantic tokens for: file:///D:/program/PLD-project/scalaVer/build.sbt
2024.06.06 16:02:43 INFO  no build target found for D:\program\PLD-project\scalaVer\build.sbt. Using presentation compiler with project's scala-library version: 3.3.3
2024.06.06 16:02:43 WARN  Could not find semantic tokens for: file:///D:/program/PLD-project/scalaVer/build.sbt
2024.06.06 16:02:46 INFO  no build target found for D:\program\PLD-project\scalaVer\build.sbt. Using presentation compiler with project's scala-library version: 3.3.3
2024.06.06 16:02:46 WARN  Could not find semantic tokens for: file:///D:/program/PLD-project/scalaVer/build.sbt
2024.06.06 16:02:47 WARN  no build target for: D:\program\PLD-project\scalaVer\build.sbt
2024.06.06 16:02:47 INFO  no build target found for D:\program\PLD-project\scalaVer\build.sbt. Using presentation compiler with project's scala-library version: 3.3.3
2024.06.06 16:02:47 INFO  no build target found for D:\program\PLD-project\scalaVer\build.sbt. Using presentation compiler with project's scala-library version: 3.3.3
2024.06.06 16:02:47 WARN  Could not find semantic tokens for: file:///D:/program/PLD-project/scalaVer/build.sbt
2024.06.06 16:02:49 INFO  no build target found for D:\program\PLD-project\scalaVer\src\main\scala\SpreadsheetApp.scala. Using presentation compiler with project's scala-library version: 3.3.3
2024.06.06 16:02:50 INFO  no build target found for D:\program\PLD-project\scalaVer\src\main\scala\SpreadsheetApp.scala. Using presentation compiler with project's scala-library version: 3.3.3
2024.06.06 16:02:52 INFO  no build target found for D:\program\PLD-project\scalaVer\build.sbt. Using presentation compiler with project's scala-library version: 3.3.3
2024.06.06 16:02:52 WARN  Could not find semantic tokens for: file:///D:/program/PLD-project/scalaVer/build.sbt
2024.06.06 16:03:31 INFO  no build target found for D:\program\PLD-project\scalaVer\build.sbt. Using presentation compiler with project's scala-library version: 3.3.3
2024.06.06 16:03:31 WARN  Could not find semantic tokens for: file:///D:/program/PLD-project/scalaVer/build.sbt
2024.06.06 16:03:31 INFO  no build target found for D:\program\PLD-project\scalaVer\build.sbt. Using presentation compiler with project's scala-library version: 3.3.3
2024.06.06 16:03:31 WARN  Could not find semantic tokens for: file:///D:/program/PLD-project/scalaVer/build.sbt
2024.06.06 16:03:31 INFO  no build target found for D:\program\PLD-project\scalaVer\build.sbt. Using presentation compiler with project's scala-library version: 3.3.3
2024.06.06 16:03:31 WARN  Could not find semantic tokens for: file:///D:/program/PLD-project/scalaVer/build.sbt
2024.06.06 16:03:32 INFO  no build target found for D:\program\PLD-project\scalaVer\build.sbt. Using presentation compiler with project's scala-library version: 3.3.3
2024.06.06 16:03:32 WARN  Could not find semantic tokens for: file:///D:/program/PLD-project/scalaVer/build.sbt
2024.06.06 16:03:33 INFO  no build target found for D:\program\PLD-project\scalaVer\build.sbt. Using presentation compiler with project's scala-library version: 3.3.3
2024.06.06 16:03:33 WARN  Could not find semantic tokens for: file:///D:/program/PLD-project/scalaVer/build.sbt
2024.06.06 16:03:34 WARN  no build target for: D:\program\PLD-project\scalaVer\build.sbt
2024.06.06 16:03:34 INFO  no build target found for D:\program\PLD-project\scalaVer\build.sbt. Using presentation compiler with project's scala-library version: 3.3.3
2024.06.06 16:03:34 INFO  no build target found for D:\program\PLD-project\scalaVer\build.sbt. Using presentation compiler with project's scala-library version: 3.3.3
2024.06.06 16:03:34 WARN  Could not find semantic tokens for: file:///D:/program/PLD-project/scalaVer/build.sbt
2024.06.06 16:05:35 INFO  no build target found for D:\program\PLD-project\scalaVer\build.sbt. Using presentation compiler with project's scala-library version: 3.3.3
2024.06.06 16:05:52 INFO  no build target found for D:\program\PLD-project\scalaVer\build.sbt. Using presentation compiler with project's scala-library version: 3.3.3
2024.06.06 16:05:53 INFO  no build target found for D:\program\PLD-project\scalaVer\src\main\scala\SpreadsheetApp.scala. Using presentation compiler with project's scala-library version: 3.3.3
2024.06.06 16:05:54 INFO  no build target found for D:\program\PLD-project\scalaVer\src\main\scala\SpreadsheetApp.scala. Using presentation compiler with project's scala-library version: 3.3.3
2024.06.06 16:05:56 INFO  no build target found for D:\program\PLD-project\scalaVer\build.sbt. Using presentation compiler with project's scala-library version: 3.3.3
2024.06.06 16:05:56 WARN  Could not find semantic tokens for: file:///D:/program/PLD-project/scalaVer/build.sbt
2024.06.06 16:05:56 INFO  no build target found for D:\program\PLD-project\scalaVer\build.sbt. Using presentation compiler with project's scala-library version: 3.3.3
2024.06.06 16:06:01 INFO  no build target found for D:\program\PLD-project\scalaVer\build.sbt. Using presentation compiler with project's scala-library version: 3.3.3
2024.06.06 16:06:01 WARN  Could not find semantic tokens for: file:///D:/program/PLD-project/scalaVer/build.sbt
2024.06.06 16:06:02 WARN  no build target for: D:\program\PLD-project\scalaVer\build.sbt
2024.06.06 16:06:02 INFO  no build target found for D:\program\PLD-project\scalaVer\build.sbt. Using presentation compiler with project's scala-library version: 3.3.3
2024.06.06 16:06:02 INFO  no build target found for D:\program\PLD-project\scalaVer\build.sbt. Using presentation compiler with project's scala-library version: 3.3.3
2024.06.06 16:06:02 WARN  Could not find semantic tokens for: file:///D:/program/PLD-project/scalaVer/build.sbt
2024.06.06 16:07:38 INFO  no build target found for D:\program\PLD-project\scalaVer\build.sbt. Using presentation compiler with project's scala-library version: 3.3.3
2024.06.06 16:07:38 WARN  Could not find semantic tokens for: file:///D:/program/PLD-project/scalaVer/build.sbt
2024.06.06 16:07:42 INFO  no build target found for D:\program\PLD-project\scalaVer\build.sbt. Using presentation compiler with project's scala-library version: 3.3.3
2024.06.06 16:07:42 INFO  no build target found for D:\program\PLD-project\scalaVer\build.sbt. Using presentation compiler with project's scala-library version: 3.3.3
2024.06.06 16:07:52 INFO  no build target found for D:\program\PLD-project\scalaVer\build.sbt. Using presentation compiler with project's scala-library version: 3.3.3
2024.06.06 16:07:52 INFO  no build target found for D:\program\PLD-project\scalaVer\build.sbt. Using presentation compiler with project's scala-library version: 3.3.3
2024.06.06 16:07:53 INFO  no build target found for D:\program\PLD-project\scalaVer\build.sbt. Using presentation compiler with project's scala-library version: 3.3.3
2024.06.06 16:07:53 INFO  no build target found for D:\program\PLD-project\scalaVer\build.sbt. Using presentation compiler with project's scala-library version: 3.3.3
2024.06.06 16:07:56 INFO  no build target found for D:\program\PLD-project\scalaVer\build.sbt. Using presentation compiler with project's scala-library version: 3.3.3
6¤ë 06, 2024 4:07:56 ¤U¤È org.eclipse.lsp4j.jsonrpc.RemoteEndpoint handleCancellation
Äµ§i: Unmatched cancel notification for request id 176
2024.06.06 16:08:05 INFO  no build target found for D:\program\PLD-project\scalaVer\build.sbt. Using presentation compiler with project's scala-library version: 3.3.3
2024.06.06 16:08:05 WARN  Could not find semantic tokens for: file:///D:/program/PLD-project/scalaVer/build.sbt
2024.06.06 16:08:33 INFO  no build target found for D:\program\PLD-project\scalaVer\build.sbt. Using presentation compiler with project's scala-library version: 3.3.3
2024.06.06 16:08:33 INFO  no build target found for D:\program\PLD-project\scalaVer\build.sbt. Using presentation compiler with project's scala-library version: 3.3.3
2024.06.06 16:08:33 INFO  no build target found for D:\program\PLD-project\scalaVer\build.sbt. Using presentation compiler with project's scala-library version: 3.3.3
2024.06.06 16:08:35 INFO  no build target found for D:\program\PLD-project\scalaVer\build.sbt. Using presentation compiler with project's scala-library version: 3.3.3
2024.06.06 16:08:35 WARN  Could not find semantic tokens for: file:///D:/program/PLD-project/scalaVer/build.sbt
2024.06.06 16:08:36 INFO  no build target found for D:\program\PLD-project\scalaVer\build.sbt. Using presentation compiler with project's scala-library version: 3.3.3
2024.06.06 16:08:36 INFO  no build target found for D:\program\PLD-project\scalaVer\build.sbt. Using presentation compiler with project's scala-library version: 3.3.3
2024.06.06 16:08:36 WARN  Could not find semantic tokens for: file:///D:/program/PLD-project/scalaVer/build.sbt
2024.06.06 16:08:36 INFO  no build target found for D:\program\PLD-project\scalaVer\build.sbt. Using presentation compiler with project's scala-library version: 3.3.3
2024.06.06 16:08:36 WARN  Could not find semantic tokens for: file:///D:/program/PLD-project/scalaVer/build.sbt
2024.06.06 16:08:37 WARN  no build target for: D:\program\PLD-project\scalaVer\build.sbt
2024.06.06 16:08:37 INFO  no build target found for D:\program\PLD-project\scalaVer\build.sbt. Using presentation compiler with project's scala-library version: 3.3.3
2024.06.06 16:08:37 INFO  no build target found for D:\program\PLD-project\scalaVer\build.sbt. Using presentation compiler with project's scala-library version: 3.3.3
2024.06.06 16:08:37 WARN  Could not find semantic tokens for: file:///D:/program/PLD-project/scalaVer/build.sbt
2024.06.06 16:09:37 INFO  no build target found for D:\program\PLD-project\scalaVer\build.sbt. Using presentation compiler with project's scala-library version: 3.3.3
2024.06.06 16:09:37 INFO  no build target found for D:\program\PLD-project\scalaVer\build.sbt. Using presentation compiler with project's scala-library version: 3.3.3
2024.06.06 16:09:37 INFO  no build target found for D:\program\PLD-project\scalaVer\build.sbt. Using presentation compiler with project's scala-library version: 3.3.3
2024.06.06 16:09:39 INFO  no build target found for D:\program\PLD-project\scalaVer\build.sbt. Using presentation compiler with project's scala-library version: 3.3.3
2024.06.06 16:09:39 WARN  Could not find semantic tokens for: file:///D:/program/PLD-project/scalaVer/build.sbt
2024.06.06 16:09:40 WARN  no build target for: D:\program\PLD-project\scalaVer\build.sbt
2024.06.06 16:09:40 INFO  no build target found for D:\program\PLD-project\scalaVer\build.sbt. Using presentation compiler with project's scala-library version: 3.3.3
2024.06.06 16:09:40 INFO  no build target found for D:\program\PLD-project\scalaVer\build.sbt. Using presentation compiler with project's scala-library version: 3.3.3
2024.06.06 16:09:40 WARN  Could not find semantic tokens for: file:///D:/program/PLD-project/scalaVer/build.sbt
2024.06.06 16:09:53 INFO  no build target found for D:\program\PLD-project\scalaVer\build.sbt. Using presentation compiler with project's scala-library version: 3.3.3
6¤ë 06, 2024 4:09:53 ¤U¤È org.eclipse.lsp4j.jsonrpc.RemoteEndpoint handleCancellation
Äµ§i: Unmatched cancel notification for request id 227
2024.06.06 16:09:54 INFO  no build target found for D:\program\PLD-project\scalaVer\build.sbt. Using presentation compiler with project's scala-library version: 3.3.3
2024.06.06 16:09:54 INFO  no build target found for D:\program\PLD-project\scalaVer\build.sbt. Using presentation compiler with project's scala-library version: 3.3.3
2024.06.06 16:09:56 INFO  no build target found for D:\program\PLD-project\scalaVer\build.sbt. Using presentation compiler with project's scala-library version: 3.3.3
2024.06.06 16:09:56 WARN  Could not find semantic tokens for: file:///D:/program/PLD-project/scalaVer/build.sbt
2024.06.06 16:09:57 INFO  no build target found for D:\program\PLD-project\scalaVer\build.sbt. Using presentation compiler with project's scala-library version: 3.3.3
2024.06.06 16:09:57 WARN  Could not find semantic tokens for: file:///D:/program/PLD-project/scalaVer/build.sbt
2024.06.06 16:09:58 WARN  no build target for: D:\program\PLD-project\scalaVer\build.sbt
2024.06.06 16:09:58 INFO  no build target found for D:\program\PLD-project\scalaVer\build.sbt. Using presentation compiler with project's scala-library version: 3.3.3
2024.06.06 16:09:58 INFO  no build target found for D:\program\PLD-project\scalaVer\build.sbt. Using presentation compiler with project's scala-library version: 3.3.3
2024.06.06 16:09:58 WARN  Could not find semantic tokens for: file:///D:/program/PLD-project/scalaVer/build.sbt
2024.06.06 16:11:56 INFO  no build target found for D:\program\PLD-project\scalaVer\build.sbt. Using presentation compiler with project's scala-library version: 3.3.3
2024.06.06 16:11:59 INFO  no build target found for D:\program\PLD-project\scalaVer\src\main\scala\SpreadsheetApp.scala. Using presentation compiler with project's scala-library version: 3.3.3
2024.06.06 16:11:59 INFO  no build target found for D:\program\PLD-project\scalaVer\src\main\scala\SpreadsheetApp.scala. Using presentation compiler with project's scala-library version: 3.3.3
2024.06.06 16:12:07 INFO  no build target found for D:\program\PLD-project\scalaVer\build.sbt. Using presentation compiler with project's scala-library version: 3.3.3
2024.06.06 16:12:07 WARN  Could not find semantic tokens for: file:///D:/program/PLD-project/scalaVer/build.sbt
2024.06.06 16:12:11 INFO  no build target found for D:\program\PLD-project\scalaVer\build.sbt. Using presentation compiler with project's scala-library version: 3.3.3
2024.06.06 16:12:11 WARN  Could not find semantic tokens for: file:///D:/program/PLD-project/scalaVer/build.sbt
2024.06.06 16:12:11 WARN  no build target for: D:\program\PLD-project\scalaVer\build.sbt
2024.06.06 16:12:11 INFO  no build target found for D:\program\PLD-project\scalaVer\build.sbt. Using presentation compiler with project's scala-library version: 3.3.3
2024.06.06 16:12:11 INFO  no build target found for D:\program\PLD-project\scalaVer\build.sbt. Using presentation compiler with project's scala-library version: 3.3.3
2024.06.06 16:12:11 WARN  Could not find semantic tokens for: file:///D:/program/PLD-project/scalaVer/build.sbt
2024.06.06 16:12:33 INFO  no build target found for D:\program\PLD-project\scalaVer\src\main\scala\SpreadsheetApp.scala. Using presentation compiler with project's scala-library version: 3.3.3
2024.06.06 16:12:34 INFO  no build target found for D:\program\PLD-project\scalaVer\src\main\scala\SpreadsheetApp.scala. Using presentation compiler with project's scala-library version: 3.3.3
2024.06.06 16:12:34 INFO  no build target found for D:\program\PLD-project\scalaVer\src\main\scala\SpreadsheetApp.scala. Using presentation compiler with project's scala-library version: 3.3.3
2024.06.06 16:12:34 INFO  no build target found for D:\program\PLD-project\scalaVer\src\main\scala\SpreadsheetApp.scala. Using presentation compiler with project's scala-library version: 3.3.3
2024.06.06 16:12:36 INFO  no build target found for D:\program\PLD-project\scalaVer\src\main\scala\SpreadsheetApp.scala. Using presentation compiler with project's scala-library version: 3.3.3
2024.06.06 16:12:37 WARN  no build target for: D:\program\PLD-project\scalaVer\src\main\scala\SpreadsheetApp.scala
2024.06.06 16:12:37 INFO  no build target found for D:\program\PLD-project\scalaVer\src\main\scala\SpreadsheetApp.scala. Using presentation compiler with project's scala-library version: 3.3.3
2024.06.06 16:12:37 INFO  no build target found for D:\program\PLD-project\scalaVer\src\main\scala\SpreadsheetApp.scala. Using presentation compiler with project's scala-library version: 3.3.3
2024.06.06 16:12:45 INFO  no build target found for D:\program\PLD-project\scalaVer\src\main\scala\SpreadsheetApp.scala. Using presentation compiler with project's scala-library version: 3.3.3
2024.06.06 16:12:46 WARN  no build target for: D:\program\PLD-project\scalaVer\src\main\scala\SpreadsheetApp.scala
2024.06.06 16:12:46 INFO  no build target found for D:\program\PLD-project\scalaVer\src\main\scala\SpreadsheetApp.scala. Using presentation compiler with project's scala-library version: 3.3.3
2024.06.06 16:12:46 INFO  no build target found for D:\program\PLD-project\scalaVer\src\main\scala\SpreadsheetApp.scala. Using presentation compiler with project's scala-library version: 3.3.3
2024.06.06 16:13:07 INFO  no build target found for D:\program\PLD-project\scalaVer\src\main\scala\SpreadsheetApp.scala. Using presentation compiler with project's scala-library version: 3.3.3
2024.06.06 16:13:13 INFO  no build target found for D:\program\PLD-project\scalaVer\src\main\scala\SpreadsheetApp.scala. Using presentation compiler with project's scala-library version: 3.3.3
2024.06.06 16:13:14 WARN  no build target for: D:\program\PLD-project\scalaVer\src\main\scala\SpreadsheetApp.scala
2024.06.06 16:13:14 INFO  no build target found for D:\program\PLD-project\scalaVer\src\main\scala\SpreadsheetApp.scala. Using presentation compiler with project's scala-library version: 3.3.3
2024.06.06 16:13:14 INFO  no build target found for D:\program\PLD-project\scalaVer\src\main\scala\SpreadsheetApp.scala. Using presentation compiler with project's scala-library version: 3.3.3
2024.06.06 16:13:35 INFO  no build target found for D:\program\PLD-project\scalaVer\src\main\scala\SpreadsheetApp.scala. Using presentation compiler with project's scala-library version: 3.3.3
2024.06.06 16:13:37 INFO  no build target found for D:\program\PLD-project\scalaVer\src\main\scala\SpreadsheetApp.scala. Using presentation compiler with project's scala-library version: 3.3.3
2024.06.06 16:13:40 WARN  no build target for: D:\program\PLD-project\scalaVer\src\main\scala\SpreadsheetApp.scala
2024.06.06 16:13:40 INFO  no build target found for D:\program\PLD-project\scalaVer\src\main\scala\SpreadsheetApp.scala. Using presentation compiler with project's scala-library version: 3.3.3
2024.06.06 16:13:40 INFO  no build target found for D:\program\PLD-project\scalaVer\src\main\scala\SpreadsheetApp.scala. Using presentation compiler with project's scala-library version: 3.3.3
2024.06.06 16:14:39 INFO  no build target found for D:\program\PLD-project\scalaVer\build.sbt. Using presentation compiler with project's scala-library version: 3.3.3
2024.06.06 16:14:39 WARN  Could not find semantic tokens for: file:///D:/program/PLD-project/scalaVer/build.sbt
2024.06.06 16:15:26 INFO  no build target found for D:\program\PLD-project\scalaVer\build.sbt. Using presentation compiler with project's scala-library version: 3.3.3
2024.06.06 16:15:26 WARN  Could not find semantic tokens for: file:///D:/program/PLD-project/scalaVer/build.sbt
2024.06.06 16:15:26 INFO  no build target found for D:\program\PLD-project\scalaVer\build.sbt. Using presentation compiler with project's scala-library version: 3.3.3
2024.06.06 16:15:26 INFO  no build target found for D:\program\PLD-project\scalaVer\build.sbt. Using presentation compiler with project's scala-library version: 3.3.3
2024.06.06 16:15:26 INFO  no build target found for D:\program\PLD-project\scalaVer\build.sbt. Using presentation compiler with project's scala-library version: 3.3.3
2024.06.06 16:15:26 INFO  no build target found for D:\program\PLD-project\scalaVer\build.sbt. Using presentation compiler with project's scala-library version: 3.3.3
2024.06.06 16:15:26 WARN  Could not find semantic tokens for: file:///D:/program/PLD-project/scalaVer/build.sbt
2024.06.06 16:15:27 WARN  no build target for: D:\program\PLD-project\scalaVer\build.sbt
2024.06.06 16:15:26 INFO  no build target found for D:\program\PLD-project\scalaVer\build.sbt. Using presentation compiler with project's scala-library version: 3.3.3
2024.06.06 16:15:27 INFO  no build target found for D:\program\PLD-project\scalaVer\build.sbt. Using presentation compiler with project's scala-library version: 3.3.3
2024.06.06 16:15:27 WARN  Could not find semantic tokens for: file:///D:/program/PLD-project/scalaVer/build.sbt
2024.06.06 16:15:48 INFO  no build target found for D:\program\PLD-project\scalaVer\build.sbt. Using presentation compiler with project's scala-library version: 3.3.3
2024.06.06 16:15:48 WARN  Could not find semantic tokens for: file:///D:/program/PLD-project/scalaVer/build.sbt
2024.06.06 16:15:49 INFO  no build target found for D:\program\PLD-project\scalaVer\build.sbt. Using presentation compiler with project's scala-library version: 3.3.3
2024.06.06 16:15:50 INFO  no build target found for D:\program\PLD-project\scalaVer\build.sbt. Using presentation compiler with project's scala-library version: 3.3.3
2024.06.06 16:15:51 INFO  no build target found for D:\program\PLD-project\scalaVer\build.sbt. Using presentation compiler with project's scala-library version: 3.3.3
2024.06.06 16:15:51 WARN  Could not find semantic tokens for: file:///D:/program/PLD-project/scalaVer/build.sbt
2024.06.06 16:15:52 INFO  no build target found for D:\program\PLD-project\scalaVer\build.sbt. Using presentation compiler with project's scala-library version: 3.3.3
2024.06.06 16:15:52 WARN  Could not find semantic tokens for: file:///D:/program/PLD-project/scalaVer/build.sbt
2024.06.06 16:15:52 INFO  no build target found for D:\program\PLD-project\scalaVer\build.sbt. Using presentation compiler with project's scala-library version: 3.3.3
2024.06.06 16:15:52 INFO  no build target found for D:\program\PLD-project\scalaVer\build.sbt. Using presentation compiler with project's scala-library version: 3.3.3
2024.06.06 16:15:52 INFO  no build target found for D:\program\PLD-project\scalaVer\build.sbt. Using presentation compiler with project's scala-library version: 3.3.3
2024.06.06 16:15:52 ERROR scalafmt: D:\program\PLD-project\scalaVer\build.sbt:2: error: [dialect scala213] ; expected but string constant found
exec java $SBT_OPTS -jar /usr/share/sbt/bin/sbt-launch.jar "$@"
                                                           ^
2024.06.06 16:15:53 WARN  no build target for: D:\program\PLD-project\scalaVer\build.sbt
2024.06.06 16:15:53 INFO  no build target found for D:\program\PLD-project\scalaVer\build.sbt. Using presentation compiler with project's scala-library version: 3.3.3
2024.06.06 16:15:53 WARN  Could not find semantic tokens for: file:///D:/program/PLD-project/scalaVer/build.sbt
2024.06.06 16:15:55 INFO  no build target found for D:\program\PLD-project\scalaVer\build.sbt. Using presentation compiler with project's scala-library version: 3.3.3
2024.06.06 16:15:57 INFO  no build target found for D:\program\PLD-project\scalaVer\build.sbt. Using presentation compiler with project's scala-library version: 3.3.3
2024.06.06 16:15:57 WARN  Could not find semantic tokens for: file:///D:/program/PLD-project/scalaVer/build.sbt
2024.06.06 16:15:57 INFO  no build target found for D:\program\PLD-project\scalaVer\build.sbt. Using presentation compiler with project's scala-library version: 3.3.3
2024.06.06 16:15:57 WARN  Could not find semantic tokens for: file:///D:/program/PLD-project/scalaVer/build.sbt
2024.06.06 16:15:58 ERROR scalafmt: D:\program\PLD-project\scalaVer\build.sbt:2: error: [dialect scala213] ; expected but string constant found
exec java $SBT_OPTS -jar /usr/share/sbt/bin/sbt-launch.jar "$@"
                                                           ^
2024.06.06 16:15:59 WARN  no build target for: D:\program\PLD-project\scalaVer\build.sbt
2024.06.06 16:15:59 INFO  no build target found for D:\program\PLD-project\scalaVer\build.sbt. Using presentation compiler with project's scala-library version: 3.3.3
2024.06.06 16:15:59 INFO  no build target found for D:\program\PLD-project\scalaVer\build.sbt. Using presentation compiler with project's scala-library version: 3.3.3
2024.06.06 16:15:59 WARN  Could not find semantic tokens for: file:///D:/program/PLD-project/scalaVer/build.sbt
2024.06.06 16:16:44 INFO  no build target found for D:\program\PLD-project\scalaVer\build.sbt. Using presentation compiler with project's scala-library version: 3.3.3
2024.06.06 16:16:44 INFO  no build target found for D:\program\PLD-project\scalaVer\build.sbt. Using presentation compiler with project's scala-library version: 3.3.3
2024.06.06 16:16:47 INFO  no build target found for D:\program\PLD-project\scalaVer\build.sbt. Using presentation compiler with project's scala-library version: 3.3.3
2024.06.06 16:16:47 WARN  Could not find semantic tokens for: file:///D:/program/PLD-project/scalaVer/build.sbt
2024.06.06 16:16:48 WARN  no build target for: D:\program\PLD-project\scalaVer\build.sbt
2024.06.06 16:16:48 INFO  no build target found for D:\program\PLD-project\scalaVer\build.sbt. Using presentation compiler with project's scala-library version: 3.3.3
2024.06.06 16:16:48 INFO  no build target found for D:\program\PLD-project\scalaVer\build.sbt. Using presentation compiler with project's scala-library version: 3.3.3
2024.06.06 16:16:48 WARN  Could not find semantic tokens for: file:///D:/program/PLD-project/scalaVer/build.sbt
2024.06.06 16:16:48 INFO  no build target found for D:\program\PLD-project\scalaVer\build.sbt. Using presentation compiler with project's scala-library version: 3.3.3
2024.06.06 16:19:46 INFO  no build target found for D:\program\PLD-project\scalaVer\src\main\scala\SpreadsheetApp.scala. Using presentation compiler with project's scala-library version: 3.3.3
2024.06.06 16:19:59 INFO  no build target found for D:\program\PLD-project\scalaVer\src\main\scala\SpreadsheetApp.scala. Using presentation compiler with project's scala-library version: 3.3.3
2024.06.06 16:20:03 INFO  no build target found for D:\program\PLD-project\scalaVer\build.sbt. Using presentation compiler with project's scala-library version: 3.3.3
2024.06.06 16:20:03 WARN  Could not find semantic tokens for: file:///D:/program/PLD-project/scalaVer/build.sbt
6¤ë 06, 2024 4:20:10 ¤U¤È org.eclipse.lsp4j.jsonrpc.RemoteEndpoint handleCancellation
Äµ§i: Unmatched cancel notification for request id 581
6¤ë 06, 2024 4:20:10 ¤U¤È org.eclipse.lsp4j.jsonrpc.RemoteEndpoint handleCancellation
Äµ§i: Unmatched cancel notification for request id 582
6¤ë 06, 2024 4:20:10 ¤U¤È org.eclipse.lsp4j.jsonrpc.RemoteEndpoint handleCancellation
Äµ§i: Unmatched cancel notification for request id 583
2024.06.06 16:20:10 INFO  no build target found for D:\program\PLD-project\scalaVer\build.sbt. Using presentation compiler with project's scala-library version: 3.3.3
2024.06.06 16:20:10 WARN  Could not find semantic tokens for: file:///D:/program/PLD-project/scalaVer/build.sbt
2024.06.06 16:20:57 INFO  no build target found for D:\program\PLD-project\scalaVer\build.sbt. Using presentation compiler with project's scala-library version: 3.3.3
2024.06.06 16:20:57 WARN  Using indexes to guess the definition of name
2024.06.06 16:20:57 INFO  no build target found for D:\program\PLD-project\scalaVer\build.sbt. Using presentation compiler with project's scala-library version: 3.3.3
2024.06.06 16:20:57 INFO  no build target found for D:\program\PLD-project\scalaVer\build.sbt. Using presentation compiler with project's scala-library version: 3.3.3
2024.06.06 16:20:57 INFO  no build target found for D:\program\PLD-project\scalaVer\build.sbt. Using presentation compiler with project's scala-library version: 3.3.3
2024.06.06 16:20:57 INFO  no build target found for D:\program\PLD-project\scalaVer\build.sbt. Using presentation compiler with project's scala-library version: 3.3.3
2024.06.06 16:20:57 WARN  Could not find semantic tokens for: file:///D:/program/PLD-project/scalaVer/build.sbt
2024.06.06 16:20:59 WARN  no build target for: D:\program\PLD-project\scalaVer\build.sbt
2024.06.06 16:20:59 INFO  no build target found for D:\program\PLD-project\scalaVer\build.sbt. Using presentation compiler with project's scala-library version: 3.3.3
2024.06.06 16:20:59 INFO  no build target found for D:\program\PLD-project\scalaVer\build.sbt. Using presentation compiler with project's scala-library version: 3.3.3
2024.06.06 16:20:59 WARN  Could not find semantic tokens for: file:///D:/program/PLD-project/scalaVer/build.sbt
2024.06.06 16:21:59 INFO  no build target found for D:\program\PLD-project\scalaVer\build.sbt. Using presentation compiler with project's scala-library version: 3.3.3
2024.06.06 16:22:41 INFO  no build target found for D:\program\PLD-project\scalaVer\build.sbt. Using presentation compiler with project's scala-library version: 3.3.3
2024.06.06 16:22:41 INFO  no build target found for D:\program\PLD-project\scalaVer\build.sbt. Using presentation compiler with project's scala-library version: 3.3.3
2024.06.06 16:22:45 INFO  no build target found for D:\program\PLD-project\scalaVer\build.sbt. Using presentation compiler with project's scala-library version: 3.3.3
2024.06.06 16:22:45 WARN  Could not find semantic tokens for: file:///D:/program/PLD-project/scalaVer/build.sbt
2024.06.06 16:22:46 INFO  no build target found for D:\program\PLD-project\scalaVer\build.sbt. Using presentation compiler with project's scala-library version: 3.3.3
2024.06.06 16:22:46 WARN  Could not find semantic tokens for: file:///D:/program/PLD-project/scalaVer/build.sbt
2024.06.06 16:22:46 INFO  no build target found for D:\program\PLD-project\scalaVer\build.sbt. Using presentation compiler with project's scala-library version: 3.3.3
2024.06.06 16:22:46 WARN  Could not find semantic tokens for: file:///D:/program/PLD-project/scalaVer/build.sbt
2024.06.06 16:22:47 WARN  no build target for: D:\program\PLD-project\scalaVer\build.sbt
2024.06.06 16:22:46 INFO  no build target found for D:\program\PLD-project\scalaVer\build.sbt. Using presentation compiler with project's scala-library version: 3.3.3
2024.06.06 16:22:46 INFO  no build target found for D:\program\PLD-project\scalaVer\build.sbt. Using presentation compiler with project's scala-library version: 3.3.3
2024.06.06 16:22:46 WARN  Could not find semantic tokens for: file:///D:/program/PLD-project/scalaVer/build.sbt
2024.06.06 16:23:42 INFO  no build target found for D:\program\PLD-project\scalaVer\src\main\scala\SpreadsheetApp.scala. Using presentation compiler with project's scala-library version: 3.3.3
2024.06.06 16:26:57 INFO  no build target found for D:\program\PLD-project\scalaVer\src\main\scala\SpreadsheetApp.scala. Using presentation compiler with project's scala-library version: 3.3.3
2024.06.06 16:26:57 INFO  no build target found for D:\program\PLD-project\scalaVer\src\main\scala\SpreadsheetApp.scala. Using presentation compiler with project's scala-library version: 3.3.3
2024.06.06 16:26:57 INFO  no build target found for D:\program\PLD-project\scalaVer\src\main\scala\SpreadsheetApp.scala. Using presentation compiler with project's scala-library version: 3.3.3
2024.06.06 16:27:19 INFO  no build target found for D:\program\PLD-project\scalaVer\src\main\scala\SpreadsheetApp.scala. Using presentation compiler with project's scala-library version: 3.3.3
2024.06.06 16:27:26 INFO  no build target found for D:\program\PLD-project\scalaVer\src\main\scala\SpreadsheetApp.scala. Using presentation compiler with project's scala-library version: 3.3.3
2024.06.06 16:27:26 INFO  no build target found for D:\program\PLD-project\scalaVer\src\main\scala\SpreadsheetApp.scala. Using presentation compiler with project's scala-library version: 3.3.3
2024.06.06 16:27:27 INFO  no build target found for D:\program\PLD-project\scalaVer\src\main\scala\SpreadsheetApp.scala. Using presentation compiler with project's scala-library version: 3.3.3
2024.06.06 16:27:29 INFO  no build target found for D:\program\PLD-project\scalaVer\src\main\scala\SpreadsheetApp.scala. Using presentation compiler with project's scala-library version: 3.3.3
2024.06.06 16:27:30 INFO  no build target found for D:\program\PLD-project\scalaVer\src\main\scala\SpreadsheetApp.scala. Using presentation compiler with project's scala-library version: 3.3.3
2024.06.06 16:27:31 INFO  no build target found for D:\program\PLD-project\scalaVer\src\main\scala\SpreadsheetApp.scala. Using presentation compiler with project's scala-library version: 3.3.3
2024.06.06 16:27:32 WARN  no build target for: D:\program\PLD-project\scalaVer\src\main\scala\SpreadsheetApp.scala
2024.06.06 16:27:32 INFO  no build target found for D:\program\PLD-project\scalaVer\src\main\scala\SpreadsheetApp.scala. Using presentation compiler with project's scala-library version: 3.3.3
2024.06.06 16:27:32 INFO  no build target found for D:\program\PLD-project\scalaVer\src\main\scala\SpreadsheetApp.scala. Using presentation compiler with project's scala-library version: 3.3.3
2024.06.06 16:28:23 INFO  no build target found for D:\program\PLD-project\scalaVer\build.sbt. Using presentation compiler with project's scala-library version: 3.3.3
2024.06.06 16:28:23 WARN  Could not find semantic tokens for: file:///D:/program/PLD-project/scalaVer/build.sbt
2024.06.06 16:28:24 INFO  no build target found for D:\program\PLD-project\scalaVer\build.sbt. Using presentation compiler with project's scala-library version: 3.3.3
2024.06.06 16:28:24 WARN  Could not find semantic tokens for: file:///D:/program/PLD-project/scalaVer/build.sbt
2024.06.06 16:28:36 WARN  no build target for: D:\program\PLD-project\scalaVer\build.sbt
2024.06.06 16:28:36 INFO  no build target found for D:\program\PLD-project\scalaVer\build.sbt. Using presentation compiler with project's scala-library version: 3.3.3
2024.06.06 16:28:36 INFO  no build target found for D:\program\PLD-project\scalaVer\build.sbt. Using presentation compiler with project's scala-library version: 3.3.3
2024.06.06 16:28:36 WARN  Could not find semantic tokens for: file:///D:/program/PLD-project/scalaVer/build.sbt
2024.06.06 16:29:24 INFO  no build target found for D:\program\PLD-project\scalaVer\build.sbt. Using presentation compiler with project's scala-library version: 3.3.3
2024.06.06 16:29:25 INFO  no build target found for D:\program\PLD-project\scalaVer\build.sbt. Using presentation compiler with project's scala-library version: 3.3.3
2024.06.06 16:29:25 INFO  no build target found for D:\program\PLD-project\scalaVer\build.sbt. Using presentation compiler with project's scala-library version: 3.3.3
2024.06.06 16:29:26 INFO  no build target found for D:\program\PLD-project\scalaVer\build.sbt. Using presentation compiler with project's scala-library version: 3.3.3
2024.06.06 16:29:26 WARN  Could not find semantic tokens for: file:///D:/program/PLD-project/scalaVer/build.sbt
2024.06.06 16:29:27 WARN  no build target for: D:\program\PLD-project\scalaVer\build.sbt
2024.06.06 16:29:27 INFO  no build target found for D:\program\PLD-project\scalaVer\build.sbt. Using presentation compiler with project's scala-library version: 3.3.3
2024.06.06 16:29:27 INFO  no build target found for D:\program\PLD-project\scalaVer\build.sbt. Using presentation compiler with project's scala-library version: 3.3.3
2024.06.06 16:29:27 WARN  Could not find semantic tokens for: file:///D:/program/PLD-project/scalaVer/build.sbt
2024.06.06 16:29:52 INFO  no build target found for D:\program\PLD-project\scalaVer\src\main\scala\SpreadsheetApp.scala. Using presentation compiler with project's scala-library version: 3.3.3
2024.06.06 16:29:57 WARN  no build target for: D:\program\PLD-project\scalaVer\src\main\scala\SpreadsheetApp.scala
2024.06.06 16:29:57 INFO  no build target found for D:\program\PLD-project\scalaVer\src\main\scala\SpreadsheetApp.scala. Using presentation compiler with project's scala-library version: 3.3.3
2024.06.06 16:29:57 INFO  no build target found for D:\program\PLD-project\scalaVer\src\main\scala\SpreadsheetApp.scala. Using presentation compiler with project's scala-library version: 3.3.3
2024.06.06 16:29:57 INFO  no build target found for D:\program\PLD-project\scalaVer\src\main\scala\SpreadsheetApp.scala. Using presentation compiler with project's scala-library version: 3.3.3
2024.06.06 16:30:01 INFO  no build target found for D:\program\PLD-project\scalaVer\src\main\scala\SpreadsheetApp.scala. Using presentation compiler with project's scala-library version: 3.3.3
2024.06.06 16:30:02 INFO  no build target found for D:\program\PLD-project\scalaVer\src\main\scala\SpreadsheetApp.scala. Using presentation compiler with project's scala-library version: 3.3.3
2024.06.06 16:30:04 INFO  no build target found for D:\program\PLD-project\scalaVer\src\main\scala\SpreadsheetApp.scala. Using presentation compiler with project's scala-library version: 3.3.3
2024.06.06 16:30:04 INFO  no build target found for D:\program\PLD-project\scalaVer\src\main\scala\SpreadsheetApp.scala. Using presentation compiler with project's scala-library version: 3.3.3
2024.06.06 16:30:06 INFO  no build target found for D:\program\PLD-project\scalaVer\src\main\scala\SpreadsheetApp.scala. Using presentation compiler with project's scala-library version: 3.3.3
2024.06.06 16:30:09 INFO  no build target found for D:\program\PLD-project\scalaVer\src\main\scala\SpreadsheetApp.scala. Using presentation compiler with project's scala-library version: 3.3.3
2024.06.06 16:30:09 INFO  no build target found for D:\program\PLD-project\scalaVer\src\main\scala\SpreadsheetApp.scala. Using presentation compiler with project's scala-library version: 3.3.3
2024.06.06 16:30:11 INFO  no build target found for D:\program\PLD-project\scalaVer\src\main\scala\SpreadsheetApp.scala. Using presentation compiler with project's scala-library version: 3.3.3
2024.06.06 16:30:12 INFO  no build target found for D:\program\PLD-project\scalaVer\src\main\scala\SpreadsheetApp.scala. Using presentation compiler with project's scala-library version: 3.3.3
2024.06.06 16:30:13 INFO  no build target found for D:\program\PLD-project\scalaVer\src\main\scala\SpreadsheetApp.scala. Using presentation compiler with project's scala-library version: 3.3.3
2024.06.06 16:30:15 INFO  no build target found for D:\program\PLD-project\scalaVer\src\main\scala\SpreadsheetApp.scala. Using presentation compiler with project's scala-library version: 3.3.3
2024.06.06 16:30:17 INFO  no build target found for D:\program\PLD-project\scalaVer\src\main\scala\SpreadsheetApp.scala. Using presentation compiler with project's scala-library version: 3.3.3
2024.06.06 16:30:18 INFO  no build target found for D:\program\PLD-project\scalaVer\src\main\scala\SpreadsheetApp.scala. Using presentation compiler with project's scala-library version: 3.3.3
2024.06.06 16:30:18 INFO  no build target found for D:\program\PLD-project\scalaVer\src\main\scala\SpreadsheetApp.scala. Using presentation compiler with project's scala-library version: 3.3.3
2024.06.06 16:30:19 WARN  no build target for: D:\program\PLD-project\scalaVer\src\main\scala\SpreadsheetApp.scala
2024.06.06 16:30:19 INFO  no build target found for D:\program\PLD-project\scalaVer\src\main\scala\SpreadsheetApp.scala. Using presentation compiler with project's scala-library version: 3.3.3
2024.06.06 16:30:18 INFO  no build target found for D:\program\PLD-project\scalaVer\src\main\scala\SpreadsheetApp.scala. Using presentation compiler with project's scala-library version: 3.3.3
2024.06.06 16:31:18 INFO  no build target found for D:\program\PLD-project\scalaVer\src\main\scala\SpreadsheetApp.scala. Using presentation compiler with project's scala-library version: 3.3.3
2024.06.06 16:31:33 INFO  no build target found for D:\program\PLD-project\scalaVer\src\main\scala\SpreadsheetApp.scala. Using presentation compiler with project's scala-library version: 3.3.3
2024.06.06 16:31:47 INFO  Shutting down server
2024.06.06 16:31:47 INFO  shutting down Metals
2024.06.06 16:31:47 ERROR Unexpected error initializing server: 
org.eclipse.lsp4j.jsonrpc.ResponseErrorException: Request window/showMessageRequest failed with message: Canceled
	at org.eclipse.lsp4j.jsonrpc.RemoteEndpoint.handleResponse(RemoteEndpoint.java:209)
	at org.eclipse.lsp4j.jsonrpc.RemoteEndpoint.consume(RemoteEndpoint.java:193)
	at org.eclipse.lsp4j.jsonrpc.json.StreamMessageProducer.handleMessage(StreamMessageProducer.java:194)
	at org.eclipse.lsp4j.jsonrpc.json.StreamMessageProducer.listen(StreamMessageProducer.java:94)
	at org.eclipse.lsp4j.jsonrpc.json.ConcurrentMessageProcessor.run(ConcurrentMessageProcessor.java:113)
	at java.util.concurrent.Executors$RunnableAdapter.call(Executors.java:539)
	at java.util.concurrent.FutureTask.run(FutureTask.java:264)
	at java.util.concurrent.ThreadPoolExecutor.runWorker(ThreadPoolExecutor.java:1136)
	at java.util.concurrent.ThreadPoolExecutor$Worker.run(ThreadPoolExecutor.java:635)
	at java.lang.Thread.run(Thread.java:833)

2024.06.06 16:31:47 INFO  Exiting server
2024.06.06 16:32:07 INFO  Started: Metals version 1.3.1 in folders 'D:\program\PLD-project\scalaVer' for client Visual Studio Code 1.89.1.
SLF4J(W): Class path contains multiple SLF4J providers.
SLF4J(W): Found provider [scribe.slf4j.ScribeServiceProvider@53c5cfce]
SLF4J(W): Found provider [ch.qos.logback.classic.spi.LogbackServiceProvider@da0313e]
SLF4J(W): See https://www.slf4j.org/codes.html#multiple_bindings for an explanation.
SLF4J(I): Actual provider is of type [scribe.slf4j.ScribeServiceProvider@53c5cfce]
2024.06.06 16:32:07 WARN  Flyway upgrade recommended: H2 2.2.224 is newer than this version of Flyway and support has not been tested. The latest supported version of H2 is 2.2.220.
2024.06.06 16:32:10 INFO  no build target found for D:\program\PLD-project\scalaVer\src\main\scala\SpreadsheetApp.scala. Using presentation compiler with project's scala-library version: 3.3.3
2024.06.06 16:32:12 INFO  running 'D:\java\jdk-13.0.2\bin\java.exe -Djline.terminal=jline.UnsupportedTerminal -Dsbt.log.noformat=true -Dfile.encoding=UTF-8 -jar C:\Users\USER\AppData\Local\Temp\metals15776866694237204192\sbt-launch.jar -Dbloop.export-jar-classifiers=sources bloopInstall'
2024.06.06 16:32:14 INFO  [info] welcome to sbt 1.10.0 (Oracle Corporation Java 13.0.2)
2024.06.06 16:32:16 INFO  [info] loading settings for project scalaver-build-build from metals.sbt ...
2024.06.06 16:32:16 INFO  [info] loading project definition from D:\program\PLD-project\scalaVer\project\project
2024.06.06 16:32:24 INFO  [info] loading settings for project scalaver-build from metals.sbt ...
2024.06.06 16:32:24 INFO  [info] loading project definition from D:\program\PLD-project\scalaVer\project
2024.06.06 16:32:31 INFO  no build target found for D:\program\PLD-project\scalaVer\build.sbt. Using presentation compiler with project's scala-library version: 3.3.3
2024.06.06 16:32:31 WARN  Could not find semantic tokens for: file:///D:/program/PLD-project/scalaVer/build.sbt
2024.06.06 16:32:38 INFO  [success] Generated .bloop\scalaver-build.json
2024.06.06 16:32:38 INFO  [success] Total time: 14 s, completed 2024å¹?6???6?—¥ ä¸‹å??4:32:38
2024.06.06 16:32:40 INFO  [info] loading settings for project scalaver from build.sbt ...
2024.06.06 16:32:40 INFO  [info] set current project to SpreadsheetApp (in build file:/D:/program/PLD-project/scalaVer/)
2024.06.06 16:32:48 INFO  [success] Generated .bloop\scalaver.json
2024.06.06 16:32:48 INFO  [success] Generated .bloop\scalaver-test.json
2024.06.06 16:32:48 INFO  [success] Total time: 8 s, completed 2024å¹?6???6?—¥ ä¸‹å??4:32:48
2024.06.06 16:32:48 INFO  time: ran 'sbt bloopInstall' in 36s
2024.06.06 16:32:48 INFO  Attempting to connect to the build server...
2024.06.06 16:32:48 INFO  Setting up current java home C:\Users\USER\AppData\Local\Coursier\cache\arc\https\github.com\adoptium\temurin17-binaries\releases\download\jdk-17%252B35\OpenJDK17-jdk_x64_windows_hotspot_17_35.zip\jdk-17+35 in C:\Users\USER\.bloop\bloop.json
2024.06.06 16:33:34 ERROR Starting the bsp launcher for bloop...
2024.06.06 16:33:34 ERROR Opening a bsp server connection with 'bsp --protocol tcp --port 22873'...
2024.06.06 16:33:34 ERROR Waiting for the bsp connection to come up...
2024.06.06 16:33:34 ERROR Waiting for the bsp connection to come up...
2024.06.06 16:33:34 ERROR Waiting for the bsp connection to come up...
2024.06.06 16:33:34 ERROR Waiting for the bsp connection to come up...
2024.06.06 16:33:34 ERROR Waiting for the bsp connection to come up...
2024.06.06 16:33:34 ERROR Waiting for the bsp connection to come up...
2024.06.06 16:33:34 ERROR Waiting for the bsp connection to come up...
2024.06.06 16:33:34 ERROR Waiting for the bsp connection to come up...
2024.06.06 16:33:34 ERROR Waiting for the bsp connection to come up...
2024.06.06 16:33:34 ERROR Waiting for the bsp connection to come up...
2024.06.06 16:33:34 ERROR Waiting for the bsp connection to come up...
2024.06.06 16:33:34 ERROR Waiting for the bsp connection to come up...
2024.06.06 16:33:34 ERROR Waiting for the bsp connection to come up...
2024.06.06 16:33:34 ERROR Waiting for the bsp connection to come up...
2024.06.06 16:33:34 ERROR Waiting for the bsp connection to come up...
2024.06.06 16:33:34 ERROR Waiting for the bsp connection to come up...
2024.06.06 16:33:34 ERROR Waiting for the bsp connection to come up...
2024.06.06 16:33:34 ERROR Waiting for the bsp connection to come up...
2024.06.06 16:33:34 ERROR Waiting for the bsp connection to come up...
2024.06.06 16:33:34 ERROR Waiting for the bsp connection to come up...
2024.06.06 16:33:34 ERROR Waiting for the bsp connection to come up...
2024.06.06 16:33:34 ERROR Waiting for the bsp connection to come up...
2024.06.06 16:33:34 ERROR Waiting for the bsp connection to come up...
2024.06.06 16:33:34 ERROR Waiting for the bsp connection to come up...
2024.06.06 16:33:34 ERROR Waiting for the bsp connection to come up...
2024.06.06 16:33:34 ERROR Waiting for the bsp connection to come up...
2024.06.06 16:33:34 ERROR Waiting for the bsp connection to come up...
2024.06.06 16:33:34 ERROR Waiting for the bsp connection to come up...
2024.06.06 16:33:34 ERROR Waiting for the bsp connection to come up...
2024.06.06 16:33:34 ERROR Waiting for the bsp connection to come up...
2024.06.06 16:33:34 ERROR Waiting for the bsp connection to come up...
2024.06.06 16:33:34 ERROR error: Giving up on waiting for a connection, printing embedded bloop logs:
2024.06.06 16:33:34 ERROR > No server running at 127.0.0.1:8212, let's fire one...
2024.06.06 16:33:34 ERROR > Resolving ch.epfl.scala:bloop-frontend_2.12:1.5.17...
2024.06.06 16:33:34 ERROR > Starting bloop server at 127.0.0.1:8212...
2024.06.06 16:33:34 ERROR > Attempting a connection to the server...
2024.06.06 16:33:34 ERROR > Attempting a connection to the server...
2024.06.06 16:33:34 ERROR > Attempting a connection to the server...
2024.06.06 16:33:34 ERROR > Attempting a connection to the server...
2024.06.06 16:33:34 ERROR > Attempting a connection to the server...
2024.06.06 16:33:34 ERROR > Attempting a connection to the server...
2024.06.06 16:33:34 ERROR > Attempting a connection to the server...
2024.06.06 16:33:34 ERROR > Attempting a connection to the server...
2024.06.06 16:33:34 ERROR > Attempting a connection to the server...
2024.06.06 16:33:34 ERROR > Attempting a connection to the server...
2024.06.06 16:33:34 ERROR > Attempting a connection to the server...
2024.06.06 16:33:34 ERROR error: The launcher failed to establish a bsp connection, aborting...
2024.06.06 16:33:34 ERROR Failed to connect with build server, no functionality will work.
java.lang.RuntimeException: The server did not start, got FailedToOpenBspConnection
	at bloop.launcher.LauncherMain.failPromise$1(Launcher.scala:92)
	at bloop.launcher.LauncherMain.runLauncher(Launcher.scala:119)
	at scala.meta.internal.metals.BloopServers$$anon$2.run(BloopServers.scala:385)
	at java.util.concurrent.Executors$RunnableAdapter.call(Executors.java:539)
	at java.util.concurrent.FutureTask.run(FutureTask.java:264)
	at java.util.concurrent.ThreadPoolExecutor.runWorker(ThreadPoolExecutor.java:1136)
	at java.util.concurrent.ThreadPoolExecutor$Worker.run(ThreadPoolExecutor.java:635)
	at java.lang.Thread.run(Thread.java:833)

2024.06.06 16:33:34 INFO  no build target found for D:\program\PLD-project\scalaVer\build.sbt. Using presentation compiler with project's scala-library version: 3.3.3
2024.06.06 16:33:34 INFO  no build target found for D:\program\PLD-project\scalaVer\src\main\scala\SpreadsheetApp.scala. Using presentation compiler with project's scala-library version: 3.3.3
2024.06.06 16:33:45 INFO  no build target found for D:\program\PLD-project\scalaVer\src\main\scala\SpreadsheetApp.scala. Using presentation compiler with project's scala-library version: 3.3.3
2024.06.06 16:33:45 INFO  no build target found for D:\program\PLD-project\scalaVer\src\main\scala\SpreadsheetApp.scala. Using presentation compiler with project's scala-library version: 3.3.3
2024.06.06 16:33:45 INFO  no build target found for D:\program\PLD-project\scalaVer\src\main\scala\SpreadsheetApp.scala. Using presentation compiler with project's scala-library version: 3.3.3
6¤ë 06, 2024 4:33:48 ¤U¤È org.eclipse.lsp4j.jsonrpc.RemoteEndpoint handleCancellation
Äµ§i: Unmatched cancel notification for request id 27
6¤ë 06, 2024 4:33:48 ¤U¤È org.eclipse.lsp4j.jsonrpc.RemoteEndpoint handleCancellation
Äµ§i: Unmatched cancel notification for request id 28
2024.06.06 16:33:51 INFO  no build target found for D:\program\PLD-project\scalaVer\src\main\scala\SpreadsheetApp.scala. Using presentation compiler with project's scala-library version: 3.3.3
2024.06.06 16:33:55 INFO  no build target found for D:\program\PLD-project\scalaVer\src\main\scala\SpreadsheetApp.scala. Using presentation compiler with project's scala-library version: 3.3.3
2024.06.06 16:33:55 INFO  no build target found for D:\program\PLD-project\scalaVer\src\main\scala\SpreadsheetApp.scala. Using presentation compiler with project's scala-library version: 3.3.3
2024.06.06 16:33:58 INFO  no build target found for D:\program\PLD-project\scalaVer\src\main\scala\SpreadsheetApp.scala. Using presentation compiler with project's scala-library version: 3.3.3
2024.06.06 16:33:59 INFO  no build target found for D:\program\PLD-project\scalaVer\src\main\scala\SpreadsheetApp.scala. Using presentation compiler with project's scala-library version: 3.3.3
2024.06.06 16:34:02 INFO  no build target found for D:\program\PLD-project\scalaVer\src\main\scala\SpreadsheetApp.scala. Using presentation compiler with project's scala-library version: 3.3.3
2024.06.06 16:34:03 INFO  no build target found for D:\program\PLD-project\scalaVer\src\main\scala\SpreadsheetApp.scala. Using presentation compiler with project's scala-library version: 3.3.3
2024.06.06 16:34:03 INFO  no build target found for D:\program\PLD-project\scalaVer\src\main\scala\SpreadsheetApp.scala. Using presentation compiler with project's scala-library version: 3.3.3
2024.06.06 16:34:03 INFO  no build target found for D:\program\PLD-project\scalaVer\src\main\scala\SpreadsheetApp.scala. Using presentation compiler with project's scala-library version: 3.3.3
2024.06.06 16:34:03 INFO  no build target found for D:\program\PLD-project\scalaVer\src\main\scala\SpreadsheetApp.scala. Using presentation compiler with project's scala-library version: 3.3.3
2024.06.06 16:34:04 INFO  no build target found for D:\program\PLD-project\scalaVer\src\main\scala\SpreadsheetApp.scala. Using presentation compiler with project's scala-library version: 3.3.3
2024.06.06 16:34:04 INFO  no build target found for D:\program\PLD-project\scalaVer\src\main\scala\SpreadsheetApp.scala. Using presentation compiler with project's scala-library version: 3.3.3
2024.06.06 16:34:04 INFO  no build target found for D:\program\PLD-project\scalaVer\src\main\scala\SpreadsheetApp.scala. Using presentation compiler with project's scala-library version: 3.3.3
2024.06.06 16:34:04 INFO  no build target found for D:\program\PLD-project\scalaVer\src\main\scala\SpreadsheetApp.scala. Using presentation compiler with project's scala-library version: 3.3.3
2024.06.06 16:34:06 INFO  no build target found for D:\program\PLD-project\scalaVer\src\main\scala\SpreadsheetApp.scala. Using presentation compiler with project's scala-library version: 3.3.3
2024.06.06 16:34:06 INFO  no build target found for D:\program\PLD-project\scalaVer\src\main\scala\SpreadsheetApp.scala. Using presentation compiler with project's scala-library version: 3.3.3
2024.06.06 16:34:07 INFO  no build target found for D:\program\PLD-project\scalaVer\src\main\scala\SpreadsheetApp.scala. Using presentation compiler with project's scala-library version: 3.3.3
2024.06.06 16:34:07 INFO  no build target found for D:\program\PLD-project\scalaVer\src\main\scala\SpreadsheetApp.scala. Using presentation compiler with project's scala-library version: 3.3.3
2024.06.06 16:34:08 INFO  no build target found for D:\program\PLD-project\scalaVer\src\main\scala\SpreadsheetApp.scala. Using presentation compiler with project's scala-library version: 3.3.3
6¤ë 06, 2024 4:34:08 ¤U¤È org.eclipse.lsp4j.jsonrpc.RemoteEndpoint handleCancellation
Äµ§i: Unmatched cancel notification for request id 79
2024.06.06 16:34:08 WARN  no build target for: D:\program\PLD-project\scalaVer\src\main\scala\SpreadsheetApp.scala
2024.06.06 16:34:08 INFO  no build target found for D:\program\PLD-project\scalaVer\src\main\scala\SpreadsheetApp.scala. Using presentation compiler with project's scala-library version: 3.3.3
6¤ë 06, 2024 4:37:06 ¤U¤È org.eclipse.lsp4j.jsonrpc.services.GenericEndpoint notify
¸ê°T: Unsupported notification method: $/setTrace
2024.06.06 16:37:47 INFO  no build target found for D:\program\PLD-project\scalaVer\src\main\scala\SpreadsheetApp.scala. Using presentation compiler with project's scala-library version: 3.3.3
2024.06.06 21:49:38 INFO  no build target found for D:\program\PLD-project\scalaVer\build.sbt. Using presentation compiler with project's scala-library version: 3.3.3
2024.06.06 21:49:38 WARN  Could not find semantic tokens for: file:///D:/program/PLD-project/scalaVer/build.sbt
2024.06.06 21:49:41 INFO  no build target found for D:\program\PLD-project\scalaVer\build.sbt. Using presentation compiler with project's scala-library version: 3.3.3
2024.06.06 21:49:41 WARN  Could not find semantic tokens for: file:///D:/program/PLD-project/scalaVer/build.sbt
